0 info it worked if it ends with ok
1 verbose cli [ '/usr/bin/node',
1 verbose cli   '/usr/bin/npm',
1 verbose cli   'install',
1 verbose cli   'cferdinandi/gumshoe' ]
2 info using npm@3.5.2
3 info using node@v8.10.0
4 silly loadCurrentTree Starting
5 silly install loadCurrentTree
6 silly install readLocalPackageData
7 silly fetchPackageMetaData cferdinandi/gumshoe
8 silly fetchOtherPackageData cferdinandi/gumshoe
9 silly cache add args [ 'cferdinandi/gumshoe', null ]
10 verbose cache add spec cferdinandi/gumshoe
11 silly cache add parsed spec Result {
11 silly cache add   raw: 'cferdinandi/gumshoe',
11 silly cache add   scope: null,
11 silly cache add   name: null,
11 silly cache add   rawSpec: 'cferdinandi/gumshoe',
11 silly cache add   spec: 'github:cferdinandi/gumshoe',
11 silly cache add   type: 'hosted',
11 silly cache add   hosted:
11 silly cache add    { type: 'github',
11 silly cache add      ssh: 'git@github.com:cferdinandi/gumshoe.git',
11 silly cache add      sshUrl: 'git+ssh://git@github.com/cferdinandi/gumshoe.git',
11 silly cache add      httpsUrl: 'git+https://github.com/cferdinandi/gumshoe.git',
11 silly cache add      gitUrl: 'git://github.com/cferdinandi/gumshoe.git',
11 silly cache add      shortcut: 'github:cferdinandi/gumshoe',
11 silly cache add      directUrl: 'https://raw.githubusercontent.com/cferdinandi/gumshoe/master/package.json' } }
12 verbose addRemoteGit caching cferdinandi/gumshoe
13 verbose addRemoteGit cferdinandi/gumshoe is a repository hosted by github
14 silly tryGitProto attempting to clone git://github.com/cferdinandi/gumshoe.git
15 silly tryClone cloning cferdinandi/gumshoe via git://github.com/cferdinandi/gumshoe.git
16 verbose tryClone git-github-com-cferdinandi-gumshoe-git-bdbcce35 not in flight; caching
17 info git [ 'config', '--get', 'remote.origin.url' ]
18 silly validateExistingRemote cferdinandi/gumshoe remote.origin.url: git://github.com/cferdinandi/gumshoe.git
19 verbose validateExistingRemote cferdinandi/gumshoe is updating existing cached remote /home/leandro/.npm/_git-remotes/git-github-com-cferdinandi-gumshoe-git-bdbcce35
20 info git [ 'fetch', '-a', 'origin' ]
21 error git fetch -a origin (git://github.com/cferdinandi/gumshoe.git) fatal: Unable to look up github.com (port 9418) (Nome ou serviço desconhecido)
22 silly tryHTTPS attempting to clone git+https://github.com/cferdinandi/gumshoe.git
23 silly tryClone cloning cferdinandi/gumshoe via git+https://github.com/cferdinandi/gumshoe.git
24 verbose tryClone git-https-github-com-cferdinandi-gumshoe-git-b0bdc113 not in flight; caching
25 info git [ 'config', '--get', 'remote.origin.url' ]
26 warn addRemoteGit Error: Command failed: git config --get remote.origin.url
26 warn addRemoteGit
26 warn addRemoteGit     at ChildProcess.exithandler (child_process.js:275:12)
26 warn addRemoteGit     at emitTwo (events.js:126:13)
26 warn addRemoteGit     at ChildProcess.emit (events.js:214:7)
26 warn addRemoteGit     at maybeClose (internal/child_process.js:925:16)
26 warn addRemoteGit     at Process.ChildProcess._handle.onexit (internal/child_process.js:209:5)
26 warn addRemoteGit  cferdinandi/gumshoe resetting remote /home/leandro/.npm/_git-remotes/git-https-github-com-cferdinandi-gumshoe-git-b0bdc113 because of error: { Error: Command failed: git config --get remote.origin.url
26 warn addRemoteGit
26 warn addRemoteGit     at ChildProcess.exithandler (child_process.js:275:12)
26 warn addRemoteGit     at emitTwo (events.js:126:13)
26 warn addRemoteGit     at ChildProcess.emit (events.js:214:7)
26 warn addRemoteGit     at maybeClose (internal/child_process.js:925:16)
26 warn addRemoteGit     at Process.ChildProcess._handle.onexit (internal/child_process.js:209:5)
26 warn addRemoteGit   killed: false,
26 warn addRemoteGit   code: 1,
26 warn addRemoteGit   signal: null,
26 warn addRemoteGit   cmd: 'git config --get remote.origin.url' }
27 info resetRemote resetting /home/leandro/.npm/_git-remotes/git-https-github-com-cferdinandi-gumshoe-git-b0bdc113 for cferdinandi/gumshoe
28 silly gentlyRm /home/leandro/.npm/_git-remotes/git-https-github-com-cferdinandi-gumshoe-git-b0bdc113 is being purged
29 verbose gentlyRm don't care about contents; nuking /home/leandro/.npm/_git-remotes/git-https-github-com-cferdinandi-gumshoe-git-b0bdc113
30 silly vacuum-fs purging /home/leandro/.npm/_git-remotes/git-https-github-com-cferdinandi-gumshoe-git-b0bdc113
31 silly vacuum-fs quitting because other entries in /home/leandro/.npm/_git-remotes
32 info git [ 'clone',
32 info git   '--template=/home/leandro/.npm/_git-remotes/_templates',
32 info git   '--mirror',
32 info git   'https://github.com/cferdinandi/gumshoe.git',
32 info git   '/home/leandro/.npm/_git-remotes/git-https-github-com-cferdinandi-gumshoe-git-b0bdc113' ]
33 error git clone --template=/home/leandro/.npm/_git-remotes/_templates --mirror https://github.com/cferdinandi/gumshoe.git /home/leandro/.npm/_git-remotes/git-https-github-com-cferdinandi-gumshoe-git-b0bdc113: Cloning into bare repository '/home/leandro/.npm/_git-remotes/git-https-github-com-cferdinandi-gumshoe-git-b0bdc113'...
33 error git clone --template=/home/leandro/.npm/_git-remotes/_templates --mirror https://github.com/cferdinandi/gumshoe.git /home/leandro/.npm/_git-remotes/git-https-github-com-cferdinandi-gumshoe-git-b0bdc113: fatal: unable to access 'https://github.com/cferdinandi/gumshoe.git/': Could not resolve host: github.com
34 silly trySSH attempting to clone git@github.com:cferdinandi/gumshoe.git
35 silly tryClone cloning cferdinandi/gumshoe via git@github.com:cferdinandi/gumshoe.git
36 verbose tryClone git-github-com-cferdinandi-gumshoe-git-af7330df not in flight; caching
37 info git [ 'config', '--get', 'remote.origin.url' ]
38 silly validateExistingRemote cferdinandi/gumshoe remote.origin.url: git@github.com:cferdinandi/gumshoe.git
39 verbose validateExistingRemote cferdinandi/gumshoe is updating existing cached remote /home/leandro/.npm/_git-remotes/git-github-com-cferdinandi-gumshoe-git-af7330df
40 info git [ 'fetch', '-a', 'origin' ]
41 error git fetch -a origin (git@github.com:cferdinandi/gumshoe.git) ssh: Could not resolve hostname github.com: Name or service not known
41 error git fetch -a origin (git@github.com:cferdinandi/gumshoe.git) fatal: Could not read from remote repository.
41 error git fetch -a origin (git@github.com:cferdinandi/gumshoe.git)
41 error git fetch -a origin (git@github.com:cferdinandi/gumshoe.git) Please make sure you have the correct access rights
41 error git fetch -a origin (git@github.com:cferdinandi/gumshoe.git) and the repository exists.
42 silly fetchPackageMetaData Error: Command failed: git fetch -a origin
42 silly fetchPackageMetaData ssh: Could not resolve hostname github.com: Name or service not known
42 silly fetchPackageMetaData fatal: Could not read from remote repository.
42 silly fetchPackageMetaData
42 silly fetchPackageMetaData Please make sure you have the correct access rights
42 silly fetchPackageMetaData and the repository exists.
42 silly fetchPackageMetaData
42 silly fetchPackageMetaData     at ChildProcess.exithandler (child_process.js:275:12)
42 silly fetchPackageMetaData     at emitTwo (events.js:126:13)
42 silly fetchPackageMetaData     at ChildProcess.emit (events.js:214:7)
42 silly fetchPackageMetaData     at maybeClose (internal/child_process.js:925:16)
42 silly fetchPackageMetaData     at Process.ChildProcess._handle.onexit (internal/child_process.js:209:5)
42 silly fetchPackageMetaData  error for cferdinandi/gumshoe { Error: Command failed: git fetch -a origin
42 silly fetchPackageMetaData ssh: Could not resolve hostname github.com: Name or service not known
42 silly fetchPackageMetaData fatal: Could not read from remote repository.
42 silly fetchPackageMetaData
42 silly fetchPackageMetaData Please make sure you have the correct access rights
42 silly fetchPackageMetaData and the repository exists.
42 silly fetchPackageMetaData
42 silly fetchPackageMetaData     at ChildProcess.exithandler (child_process.js:275:12)
42 silly fetchPackageMetaData     at emitTwo (events.js:126:13)
42 silly fetchPackageMetaData     at ChildProcess.emit (events.js:214:7)
42 silly fetchPackageMetaData     at maybeClose (internal/child_process.js:925:16)
42 silly fetchPackageMetaData     at Process.ChildProcess._handle.onexit (internal/child_process.js:209:5)
42 silly fetchPackageMetaData   killed: false,
42 silly fetchPackageMetaData   code: 128,
42 silly fetchPackageMetaData   signal: null,
42 silly fetchPackageMetaData   cmd: 'git fetch -a origin' }
43 silly rollbackFailedOptional Starting
44 silly rollbackFailedOptional Finishing
45 silly runTopLevelLifecycles Starting
46 silly runTopLevelLifecycles Finishing
47 silly install printInstalled
48 verbose stack Error: Command failed: git fetch -a origin
48 verbose stack ssh: Could not resolve hostname github.com: Name or service not known
48 verbose stack fatal: Could not read from remote repository.
48 verbose stack
48 verbose stack Please make sure you have the correct access rights
48 verbose stack and the repository exists.
48 verbose stack
48 verbose stack     at ChildProcess.exithandler (child_process.js:275:12)
48 verbose stack     at emitTwo (events.js:126:13)
48 verbose stack     at ChildProcess.emit (events.js:214:7)
48 verbose stack     at maybeClose (internal/child_process.js:925:16)
48 verbose stack     at Process.ChildProcess._handle.onexit (internal/child_process.js:209:5)
49 verbose cwd /home/leandro/Documentos/Git/pineappleDevs
50 error Linux 4.15.0-39-generic
51 error argv "/usr/bin/node" "/usr/bin/npm" "install" "cferdinandi/gumshoe"
52 error node v8.10.0
53 error npm  v3.5.2
54 error code 128
55 error Command failed: git fetch -a origin
55 error ssh: Could not resolve hostname github.com: Name or service not known
55 error fatal: Could not read from remote repository.
55 error
55 error Please make sure you have the correct access rights
55 error and the repository exists.
56 error If you need help, you may report this error at:
56 error     <https://github.com/npm/npm/issues>
57 verbose exit [ 1, true ]
